2022-05-26 01:01:13,327 - main - INFO - twitch api token : mqsj6jsq5dh2vv7acf7213o03h3l3o
2022-05-26 01:01:16,231 - main - INFO - Logged on as 방송알리미#4532
2022-05-26 01:01:20,325 - main - DEBUG - get_live_loop() started
2022-05-26 01:01:22,872 - main - INFO - id : 134433708 - start
2022-05-26 01:01:22,874 - main - INFO - id : 134433708 - end
2022-05-26 01:01:23,059 - main - INFO - id : 134433708 - start
2022-05-26 01:01:23,061 - main - INFO - id : 134433708 - end
2022-05-26 01:01:23,243 - main - INFO - id : 134433708 - start
2022-05-26 01:01:23,244 - main - INFO - id : 134433708 - end
2022-05-26 01:01:23,445 - main - INFO - id : 659362236 - start
2022-05-26 01:01:23,447 - main - INFO - id : 659362236 - end
2022-05-26 01:01:23,641 - main - INFO - id : 659362236 - start
2022-05-26 01:01:23,642 - main - INFO - id : 659362236 - end
2022-05-26 01:01:23,822 - main - INFO - id : 659362236 - start
2022-05-26 01:01:23,824 - main - INFO - id : 659362236 - end
2022-05-26 01:01:24,033 - main - INFO - id : 458576505 - start
2022-05-26 01:01:24,035 - main - INFO - id : 458576505 - end
2022-05-26 01:01:24,212 - main - INFO - id : 458576505 - start
2022-05-26 01:01:24,214 - main - INFO - id : 458576505 - end
2022-05-26 01:01:24,391 - main - INFO - id : 458576505 - start
2022-05-26 01:01:24,393 - main - INFO - id : 458576505 - end
2022-05-26 01:01:24,591 - main - INFO - id : 141819679 - start
2022-05-26 01:01:24,592 - main - INFO - id : 141819679 - end
2022-05-26 01:01:24,772 - main - INFO - id : 141819679 - start
2022-05-26 01:01:24,774 - main - INFO - id : 141819679 - end
2022-05-26 01:01:24,948 - main - INFO - id : 141819679 - start
2022-05-26 01:01:24,950 - main - INFO - id : 141819679 - end
2022-05-26 01:01:25,142 - main - INFO - id : 468282245 - start
2022-05-26 01:01:25,143 - main - INFO - id : 468282245 - end
2022-05-26 01:01:25,342 - main - INFO - id : 468282245 - start
2022-05-26 01:01:25,344 - main - INFO - id : 468282245 - end
2022-05-26 01:01:25,524 - main - INFO - id : 468282245 - start
2022-05-26 01:01:25,526 - main - INFO - id : 468282245 - end
2022-05-26 01:01:25,709 - main - INFO - id : 133723923 - start
2022-05-26 01:01:25,711 - main - INFO - id : 133723923 - end
2022-05-26 01:01:25,900 - main - INFO - id : 133723923 - start
2022-05-26 01:01:25,900 - main - INFO - id : 133723923 - end
2022-05-26 01:01:26,080 - main - INFO - id : 133723923 - start
2022-05-26 01:01:26,081 - main - INFO - id : 133723923 - end
2022-05-26 01:01:26,275 - main - INFO - id : 124535126 - start
2022-05-26 01:01:26,277 - main - INFO - id : 124535126 - end
2022-05-26 01:01:26,451 - main - INFO - id : 124535126 - start
2022-05-26 01:01:26,453 - main - INFO - id : 124535126 - end
2022-05-26 01:01:26,627 - main - INFO - id : 124535126 - start
2022-05-26 01:01:26,629 - main - INFO - id : 124535126 - end
2022-05-26 01:01:26,806 - main - INFO - id : 131664608 - start
2022-05-26 01:01:26,808 - main - INFO - id : 131664608 - end
2022-05-26 01:01:26,993 - main - INFO - id : 131664608 - start
2022-05-26 01:01:26,995 - main - INFO - id : 131664608 - end
2022-05-26 01:01:27,178 - main - INFO - id : 131664608 - start
2022-05-26 01:01:27,180 - main - INFO - id : 131664608 - end
2022-05-26 01:01:27,375 - main - INFO - id : 138689767 - start
2022-05-26 01:01:27,377 - main - INFO - id : 138689767 - end
2022-05-26 01:01:27,559 - main - INFO - id : 138689767 - start
2022-05-26 01:01:27,561 - main - INFO - id : 138689767 - end
2022-05-26 01:01:27,771 - main - INFO - id : 138689767 - start
2022-05-26 01:01:27,773 - main - INFO - id : 138689767 - end
2022-05-26 01:01:27,963 - main - INFO - id : 149188013 - start
2022-05-26 01:01:27,965 - main - INFO - id : 149188013 - end
2022-05-26 01:01:28,148 - main - INFO - id : 149188013 - start
2022-05-26 01:01:28,150 - main - INFO - id : 149188013 - end
2022-05-26 01:01:28,330 - main - INFO - id : 149188013 - start
2022-05-26 01:01:28,331 - main - INFO - id : 149188013 - end
2022-05-26 01:01:28,513 - main - INFO - id : 49655919 - start
2022-05-26 01:01:28,514 - main - INFO - id : 49655919 - end
2022-05-26 01:01:28,701 - main - INFO - id : 49655919 - start
2022-05-26 01:01:28,703 - main - INFO - id : 49655919 - end
2022-05-26 01:01:28,882 - main - INFO - id : 49655919 - start
2022-05-26 01:01:28,883 - main - INFO - id : 49655919 - end
2022-05-26 01:01:29,077 - main - INFO - id : 49045679 - start
2022-05-26 01:01:29,401 - main - INFO - id : 49045679 - end
2022-05-26 01:01:30,134 - main - DEBUG - get_live_loop() started
2022-05-26 01:01:40,498 - main - DEBUG - get_live_loop() started
