2022-05-25 06:35:28,953 - main - INFO - twitch api token : zagkkt3htro3htg2vi6zgey4v8czef
2022-05-25 06:35:31,889 - main - INFO - Logged on as 방송알리미#4532
2022-05-25 06:35:35,991 - main - DEBUG - get_live_loop() started
2022-05-25 06:35:40,293 - main - DEBUG - get_live_loop() started
2022-05-25 06:35:47,150 - main - INFO - GLEEN#6022 use to /twitch_list
2022-05-25 06:35:50,879 - main - DEBUG - get_live_loop() started
2022-05-25 06:35:55,235 - main - DEBUG - get_live_loop() started
2022-05-25 06:35:58,016 - main - INFO - GLEEN#6022 use to /twitch_remove
2022-05-25 06:36:00,465 - main - DEBUG - get_live_loop() started
2022-05-25 06:36:05,732 - main - DEBUG - get_live_loop() started
2022-05-25 06:36:10,957 - main - DEBUG - get_live_loop() started
2022-05-25 06:36:15,228 - main - DEBUG - get_live_loop() started
2022-05-25 06:36:20,467 - main - DEBUG - get_live_loop() started
2022-05-25 06:36:25,707 - main - DEBUG - get_live_loop() started
2022-05-25 06:36:30,918 - main - DEBUG - get_live_loop() started
2022-05-25 06:36:35,128 - main - DEBUG - get_live_loop() started
2022-05-25 06:36:40,583 - main - DEBUG - get_live_loop() started
2022-05-25 06:36:45,789 - main - DEBUG - get_live_loop() started
2022-05-25 06:36:51,034 - main - DEBUG - get_live_loop() started
2022-05-25 06:36:55,289 - main - DEBUG - get_live_loop() started
2022-05-25 06:37:00,516 - main - DEBUG - get_live_loop() started
