2022-05-26 01:02:00,676 - main - INFO - twitch api token : ofw9waxambfptin8j6juijvfntuqxy
2022-05-26 01:02:03,525 - main - INFO - Logged on as 방송알리미#4532
2022-05-26 01:02:07,639 - main - INFO - id : 134433708 - start
2022-05-26 01:02:07,836 - main - INFO - id : 134433708 - end
2022-05-26 01:02:07,839 - main - INFO - id : 134433708 - start
2022-05-26 01:02:08,021 - main - INFO - id : 134433708 - end
2022-05-26 01:02:08,024 - main - INFO - id : 134433708 - start
2022-05-26 01:02:08,213 - main - INFO - id : 134433708 - end
2022-05-26 01:02:08,224 - main - INFO - id : 659362236 - start
2022-05-26 01:02:08,406 - main - INFO - id : 659362236 - end
2022-05-26 01:02:08,408 - main - INFO - id : 659362236 - start
2022-05-26 01:02:08,578 - main - INFO - id : 659362236 - end
2022-05-26 01:02:08,581 - main - INFO - id : 659362236 - start
2022-05-26 01:02:08,763 - main - INFO - id : 659362236 - end
2022-05-26 01:02:08,775 - main - INFO - id : 458576505 - start
2022-05-26 01:02:08,954 - main - INFO - id : 458576505 - end
2022-05-26 01:02:08,956 - main - INFO - id : 458576505 - start
2022-05-26 01:02:09,153 - main - INFO - id : 458576505 - end
2022-05-26 01:02:09,155 - main - INFO - id : 458576505 - start
2022-05-26 01:02:09,330 - main - INFO - id : 458576505 - end
2022-05-26 01:02:09,342 - main - INFO - id : 141819679 - start
2022-05-26 01:02:09,515 - main - INFO - id : 141819679 - end
2022-05-26 01:02:09,517 - main - INFO - id : 141819679 - start
2022-05-26 01:02:09,695 - main - INFO - id : 141819679 - end
2022-05-26 01:02:09,696 - main - INFO - id : 141819679 - start
2022-05-26 01:02:09,877 - main - INFO - id : 141819679 - end
2022-05-26 01:02:09,891 - main - INFO - id : 468282245 - start
2022-05-26 01:02:10,062 - main - INFO - id : 468282245 - end
2022-05-26 01:02:10,064 - main - INFO - id : 468282245 - start
2022-05-26 01:02:10,256 - main - INFO - id : 468282245 - end
2022-05-26 01:02:10,258 - main - INFO - id : 468282245 - start
2022-05-26 01:02:10,448 - main - INFO - id : 468282245 - end
2022-05-26 01:02:10,462 - main - INFO - id : 133723923 - start
2022-05-26 01:02:10,635 - main - INFO - id : 133723923 - end
2022-05-26 01:02:10,637 - main - INFO - id : 133723923 - start
2022-05-26 01:02:10,817 - main - INFO - id : 133723923 - end
2022-05-26 01:02:10,819 - main - INFO - id : 133723923 - start
2022-05-26 01:02:11,000 - main - INFO - id : 133723923 - end
2022-05-26 01:02:11,012 - main - INFO - id : 124535126 - start
2022-05-26 01:02:11,193 - main - INFO - id : 124535126 - end
2022-05-26 01:02:11,195 - main - INFO - id : 124535126 - start
2022-05-26 01:02:11,374 - main - INFO - id : 124535126 - end
2022-05-26 01:02:11,376 - main - INFO - id : 124535126 - start
2022-05-26 01:02:11,562 - main - INFO - id : 124535126 - end
2022-05-26 01:02:11,575 - main - INFO - id : 131664608 - start
2022-05-26 01:02:11,747 - main - INFO - id : 131664608 - end
2022-05-26 01:02:11,749 - main - INFO - id : 131664608 - start
2022-05-26 01:02:11,931 - main - INFO - id : 131664608 - end
2022-05-26 01:02:11,932 - main - INFO - id : 131664608 - start
2022-05-26 01:02:12,115 - main - INFO - id : 131664608 - end
2022-05-26 01:02:12,127 - main - INFO - id : 138689767 - start
2022-05-26 01:02:12,308 - main - INFO - id : 138689767 - end
2022-05-26 01:02:12,310 - main - INFO - id : 138689767 - start
2022-05-26 01:02:12,492 - main - INFO - id : 138689767 - end
2022-05-26 01:02:12,494 - main - INFO - id : 138689767 - start
2022-05-26 01:02:12,671 - main - INFO - id : 138689767 - end
2022-05-26 01:02:12,681 - main - INFO - id : 149188013 - start
2022-05-26 01:02:12,867 - main - INFO - id : 149188013 - end
2022-05-26 01:02:12,869 - main - INFO - id : 149188013 - start
2022-05-26 01:02:13,052 - main - INFO - id : 149188013 - end
2022-05-26 01:02:13,053 - main - INFO - id : 149188013 - start
2022-05-26 01:02:13,236 - main - INFO - id : 149188013 - end
2022-05-26 01:02:13,247 - main - INFO - id : 49655919 - start
2022-05-26 01:02:13,428 - main - INFO - id : 49655919 - end
2022-05-26 01:02:13,430 - main - INFO - id : 49655919 - start
2022-05-26 01:02:13,625 - main - INFO - id : 49655919 - end
2022-05-26 01:02:13,627 - main - INFO - id : 49655919 - start
2022-05-26 01:02:13,808 - main - INFO - id : 49655919 - end
2022-05-26 01:02:13,820 - main - INFO - id : 49045679 - start
2022-05-26 01:02:13,992 - main - INFO - id : 49045679 - end
2022-05-26 01:02:21,030 - main - DEBUG - get_live_loop() started
2022-05-26 01:02:30,337 - main - DEBUG - get_live_loop() started
