2022-05-25 06:16:51,408 - main - INFO - twitch api token : 17k33lxopxtmtv7wmrq2791e6q9joz
2022-05-25 06:16:54,220 - main - INFO - Logged on as 방송알리미#4532
2022-05-25 06:16:55,307 - main - DEBUG - get_live_loop() started
2022-05-25 06:17:00,178 - main - DEBUG - get_live_loop() started
2022-05-25 06:17:05,854 - main - DEBUG - get_live_loop() started
2022-05-25 06:17:10,537 - main - DEBUG - get_live_loop() started
2022-05-25 06:17:14,431 - main - INFO - GLEEN#6022 use to /twitch_list
2022-05-25 06:17:15,157 - main - DEBUG - get_live_loop() started
2022-05-25 06:17:20,826 - main - DEBUG - get_live_loop() started
2022-05-25 06:17:25,534 - main - DEBUG - get_live_loop() started
2022-05-25 06:17:30,196 - main - DEBUG - get_live_loop() started
2022-05-25 06:17:35,829 - main - DEBUG - get_live_loop() started
2022-05-25 06:17:40,484 - main - DEBUG - get_live_loop() started
2022-05-25 06:17:45,175 - main - DEBUG - get_live_loop() started
2022-05-25 06:17:49,520 - main - INFO - GLEEN#6022 use to /twitch_add
2022-05-25 06:17:50,954 - main - DEBUG - get_live_loop() started
2022-05-25 06:17:55,849 - main - DEBUG - get_live_loop() started
2022-05-25 06:18:00,768 - main - DEBUG - get_live_loop() started
2022-05-25 06:18:05,653 - main - DEBUG - get_live_loop() started
2022-05-25 06:18:10,528 - main - DEBUG - get_live_loop() started
2022-05-25 06:18:15,407 - main - DEBUG - get_live_loop() started
2022-05-25 06:18:20,272 - main - DEBUG - get_live_loop() started
2022-05-25 06:18:25,207 - main - DEBUG - get_live_loop() started
